Lê Minh Tài[1212169695547053]: https://fb.com/1415192401896193_1419254424823324/?comment_id=1419269738155126
Nguyễn Đức Tài[652444854941767]: https://fb.com/1415192401896193_1419254424823324/?comment_id=1425479730867460
Thành Anh[1703963489900920]: https://fb.com/1415192401896193_1419254424823324/?comment_id=1426027290812704
Ý Mai[286482828495074]: https://fb.com/1415192401896193_1453745861374180/?comment_id=1453951358020297
Nguyễn Hà Anh Phong[2010623689161289]: https://fb.com/1415192401896193_1428773913871375/?comment_id=1428787200536713
Bắc Nguyễn[777247382431472]: https://fb.com/1415192401896193_1428773913871375/?comment_id=1428802467201853
Nhật Vinh[1075439979253979]: https://fb.com/1415192401896193_1428773913871375/?comment_id=1428802720535161
Bảo Trung[296306307459176]: https://fb.com/1415192401896193_1428773913871375/?comment_id=1429648930450540
Nguyễn Ngọc[1277173005671851]: https://fb.com/1415192401896193_1450690841679682/?comment_id=1454542471294519
Nguyễn Ngọc[1277173005671851]: https://fb.com/1415192401896193_1452918114790288/?comment_id=1454542141294552
Tai Vu[2285371948353673]: https://fb.com/1415192401896193_1425628260852607/?comment_id=1425630350852398
Nguyễn Đức Quang[452753061732251]: https://fb.com/1415192401896193_1425628260852607/?comment_id=1425652040850229
Bắc Nguyễn[777247382431472]: https://fb.com/1415192401896193_1425628260852607/?comment_id=1426015704147196
Nguyễn Hồng Khanh[670472676474932]: https://fb.com/1415192401896193_1425628260852607/?comment_id=1426575574091209
Cong Van[297634990676129]: https://fb.com/1415192401896193_1425628260852607/?comment_id=1443269315755168
Phú[1260327710750770]: https://fb.com/1415192401896193_1422835254465241/?comment_id=1430494823699284
Hoài An[782402855254241]: https://fb.com/1415192401896193_1417631864985580/?comment_id=1430569443691822
Bắc Nguyễn[777247382431472]: https://fb.com/1415192401896193_1417631864985580/?comment_id=1435753663173400
Nguyễn Kim[1655826024490463]: https://fb.com/1415192401896193_1442451199170313/?comment_id=1442559395826160
Phùng Tuấn [2083629075197044]: https://fb.com/1415192401896193_1424854054263361/?comment_id=1425735557508544
Huỳnh Văn Một[1712535158763037]: https://fb.com/1415192401896193_1434699039945529/?comment_id=1434746889940744
Tuấn Khải[1050628625069129]: https://fb.com/1415192401896193_1434699039945529/?comment_id=1434821613266605
Nguyễn Thái Hải[842935949189741]: https://fb.com/1415192401896193_1434699039945529/?comment_id=1434824973266269
Hải Minh Nguyễn[1477375445660473]: https://fb.com/1415192401896193_1434699039945529/?comment_id=1435492419866191
Bắc Nguyễn[777247382431472]: https://fb.com/1415192401896193_1434699039945529/?comment_id=1435740589841374
Nguyễn Hồng Khanh[670472676474932]: https://fb.com/1415192401896193_1434699039945529/?comment_id=1450868188328614
Cong Van[297634990676129]: https://fb.com/1415192401896193_1422836604465106/?comment_id=1442618929153540
Đinh Xuân Khánh[1064036403740319]: https://fb.com/1415192401896193_1421720837910016/?comment_id=1432147256867374
Đinh Xuân Khánh[1064036403740319]: https://fb.com/1415192401896193_1425495730865860/?comment_id=1432148913533875
Bắc Nguyễn[777247382431472]: https://fb.com/1415192401896193_1420383901377043/?comment_id=1420956747986425
Thân Trọng Trí[964553370360850]: https://fb.com/1415192401896193_1420383901377043/?comment_id=1421340431281390
Cong Van[297634990676129]: https://fb.com/1415192401896193_1420383901377043/?comment_id=1442634465818653
Lê Minh Tân[1034348073362833]: https://fb.com/1415192401896193_1450013728414060/?comment_id=1450061255075974
Bắc Nguyễn[777247382431472]: https://fb.com/1415192401896193_1430810950334338/?comment_id=1430811890334244
Lê Thanh Nghị[710930482443613]: https://fb.com/1415192401896193_1450935194988580/?comment_id=1451631671585599
Bao Nguyen[1056453254486401]: https://fb.com/1415192401896193_1450935194988580/?comment_id=1451636434918456
Bảo Trung[296306307459176]: https://fb.com/1415192401896193_1418497388232361/?comment_id=1427124950702938
⁯⁯⁯⁯⁯⁯⁯⁯⁯⁯⁯⁯⁯⁯⁯⁯⁯⁯⁯⁯⁯⁯⁯⁯⁯⁯⁯⁯⁯⁯⁯⁯⁯⁯⁯⁯⁯⁯⁯⁯⁯⁯⁯⁯⁯⁯⁯⁯⁯⁯⁯⁯⁯⁯⁯⁯⁯⁯⁯⁯⁯⁯⁯⁯⁯⁯⁯⁯⁯⁯⁯⁯⁯⁯⁯⁯⁯⁯⁯⁯⁯⁯⁯⁯⁯⁯⁯⁯⁯⁯⁯⁯⁯⁯⁯⁯⁯⁯⁯⁯⁯⁯⁯⁯⁯⁯⁯⁯⁯⁯⁯⁯⁯⁯⁯⁯⁯⁯⁯⁯⁯⁯⁯⁯⁯⁯⁯⁯⁯⁯⁯⁯⁯⁯⁯⁯⁯⁯⁯⁯⁯⁯⁯⁯⁯⁯⁯⁯⁯⁯⁯⁯⁯⁯⁯⁯⁯⁯⁯⁯⁯⁯⁯⁯⁯⁯⁯⁯⁯⁯[1928946820650952]: https://fb.com/1415192401896193_1444030179012415/?comment_id=1444038125678287
Đạt Ngọc Huỳnh[1387247557996331]: https://fb.com/1415192401896193_1444030179012415/?comment_id=1444047965677303
Tuấn Khải[1050628625069129]: https://fb.com/1415192401896193_1444030179012415/?comment_id=1444049682343798
Bắc Nguyễn[777247382431472]: https://fb.com/1415192401896193_1444030179012415/?comment_id=1444086469006786
Sơn Phan Trường[1062666993833838]: https://fb.com/1415192401896193_1444030179012415/?comment_id=1444090462339720
Cong Van[297634990676129]: https://fb.com/1415192401896193_1444030179012415/?comment_id=1444135175668582
Lê Thanh Nghị[710930482443613]: https://fb.com/1415192401896193_1451913244890775/?comment_id=1451971858218247
Bảo Trung[296306307459176]: https://fb.com/1415192401896193_1420029008079199/?comment_id=1427122807369819
Cong Van[297634990676129]: https://fb.com/1415192401896193_1444082892340477/?comment_id=1444133509002082
Tyson Cung[10154727766860598]: https://fb.com/1415192401896193_1444203542328412/?comment_id=1444881782260588
Lê Sơn[763983850428478]: https://fb.com/1415192401896193_1444203542328412/?comment_id=1444891788926254
Bảo Trung[296306307459176]: https://fb.com/1415192401896193_1434804726601627/?comment_id=1434821649933268
⁯⁯⁯⁯⁯⁯⁯⁯⁯⁯⁯⁯⁯⁯⁯⁯⁯⁯⁯⁯⁯⁯⁯⁯⁯⁯⁯⁯⁯⁯⁯⁯⁯⁯⁯⁯⁯⁯⁯⁯⁯⁯⁯⁯⁯⁯⁯⁯⁯⁯⁯⁯⁯⁯⁯⁯⁯⁯⁯⁯⁯⁯⁯⁯⁯⁯⁯⁯⁯⁯⁯⁯⁯⁯⁯⁯⁯⁯⁯⁯⁯⁯⁯⁯⁯⁯⁯⁯⁯⁯⁯⁯⁯⁯⁯⁯⁯⁯⁯⁯⁯⁯⁯⁯⁯⁯⁯⁯⁯⁯⁯⁯⁯⁯⁯⁯⁯⁯⁯⁯⁯⁯⁯⁯⁯⁯⁯⁯⁯⁯⁯⁯⁯⁯⁯⁯⁯⁯⁯⁯⁯⁯⁯⁯⁯⁯⁯⁯⁯⁯⁯⁯⁯⁯⁯⁯⁯⁯⁯⁯⁯⁯⁯⁯⁯⁯⁯⁯⁯⁯[1928946820650952]: https://fb.com/1415192401896193_1434804726601627/?comment_id=1434850133263753
Bắc Nguyễn[777247382431472]: https://fb.com/1415192401896193_1434804726601627/?comment_id=1434885833260183
Lê Sơn[763983850428478]: https://fb.com/1415192401896193_1434804726601627/?comment_id=1434909449924488
Quốc Tuấn Đặng[666870143500170]: https://fb.com/1415192401896193_1434804726601627/?comment_id=1435334376548662
Nguyễn Hà[1902993916693285]: https://fb.com/1415192401896193_1434804726601627/?comment_id=1435547726527327
Bùi Khôi [348037168967542]: https://fb.com/1415192401896193_1434804726601627/?comment_id=1436403226441777
Tất Đức Đào[462391300827263]: https://fb.com/1415192401896193_1434804726601627/?comment_id=1442587185823381
Cong Van[297634990676129]: https://fb.com/1415192401896193_1434804726601627/?comment_id=1442616975820402
Nguyễn Đức Quang[424683701227187]: https://fb.com/1415192401896193_1434804726601627/?comment_id=1442635455818554
Tuấn Khải[1050628625069129]: https://fb.com/1415192401896193_1434804726601627/?comment_id=1442718875810212
Hải Minh Nguyễn[1477375445660473]: https://fb.com/1415192401896193_1422854667796633/?comment_id=1435495299865903
Cong Van[297634990676129]: https://fb.com/1415192401896193_1451663828249050/?comment_id=1451948764887223
Nguyễn Phát Đạt[816555691831385]: https://fb.com/1415192401896193_1451663828249050/?comment_id=1452090744873025
Cong Van[297634990676129]: https://fb.com/1415192401896193_1429203343828432/?comment_id=1442629049152528
Nguyễn Đình Nghiệp[875238305952553]: https://fb.com/1415192401896193_1420937071321726/?comment_id=1421690284579738
Nguyễn Hà Anh Phong[2010623689161289]: https://fb.com/1415192401896193_1420937071321726/?comment_id=1438235899591843
Cong Van[297634990676129]: https://fb.com/1415192401896193_1420937071321726/?comment_id=1442617515820348
Phùng Tuấn [2083629075197044]: https://fb.com/1415192401896193_1449199098495523/?comment_id=1449831708432262
Bắc Nguyễn[777247382431472]: https://fb.com/1415192401896193_1419625814786185/?comment_id=1420956141319819
Hoài An[782402855254241]: https://fb.com/1415192401896193_1419625814786185/?comment_id=1425235267558573
Mss ER[332887443828204]: https://fb.com/1415192401896193_1419625814786185/?comment_id=1431240053624761
Hải Minh Nguyễn[1477375445660473]: https://fb.com/1415192401896193_1419625814786185/?comment_id=1435493499866083
Mạnh Nguyễn[1283248728452308]: https://fb.com/1415192401896193_1419625814786185/?comment_id=1438137719601661
Nguyễn Đức Quang[452753061732251]: https://fb.com/1415192401896193_1425178520897581/?comment_id=1425655404183226
Bắc Nguyễn[777247382431472]: https://fb.com/1415192401896193_1425178520897581/?comment_id=1431182486963851
Lê Sơn[763983850428478]: https://fb.com/1415192401896193_1425178520897581/?comment_id=1434614539953979
Cong Van[297634990676129]: https://fb.com/1415192401896193_1425178520897581/?comment_id=1442612379154195
Tất Đức Đào[462391300827263]: https://fb.com/1415192401896193_1425178520897581/?comment_id=1445432522205514
Hoài An[782402855254241]: https://fb.com/1415192401896193_1425487400866693/?comment_id=1425489477533152
Cong Van[297634990676129]: https://fb.com/1415192401896193_1425487400866693/?comment_id=1442633149152118
Người Xấu Xa[1299018323546001]: https://fb.com/1415192401896193_1450351935046906/?comment_id=1450803395001760
Tuấn Khải[1050628625069129]: https://fb.com/1415192401896193_1424417157640384/?comment_id=1424440724304694
Thảo Nguyên[841835032640862]: https://fb.com/1415192401896193_1424417157640384/?comment_id=1424442200971213
Tai Vu[2285371948353673]: https://fb.com/1415192401896193_1424417157640384/?comment_id=1424461127635987
Nguyen Bao[269633463533944]: https://fb.com/1415192401896193_1424417157640384/?comment_id=1429123070503126
Bắc Nguyễn[777247382431472]: https://fb.com/1415192401896193_1424417157640384/?comment_id=1435751983173568
Cong Van[297634990676129]: https://fb.com/1415192401896193_1424417157640384/?comment_id=1442636942485072
Nguyễn Chí Giang[1482974088423567]: https://fb.com/1415192401896193_1446301082118658/?comment_id=1446802288735204
Trần Thanh Tuấn[1077433135722844]: https://fb.com/1415192401896193_1444786385603461/?comment_id=1444808168934616
Thảo Nguyên[841835032640862]: https://fb.com/1415192401896193_1433051506776949/?comment_id=1433056236776476
Đinh Xuân Khánh[1064036403740319]: https://fb.com/1415192401896193_1420085148073585/?comment_id=1432165376865562
Bắc Nguyễn[777247382431472]: https://fb.com/1415192401896193_1420085148073585/?comment_id=1434042850011148
Trần Thanh Tuấn[1077433135722844]: https://fb.com/1415192401896193_1420085148073585/?comment_id=1443611195720980
Bin Go[267078367090580]: https://fb.com/1415192401896193_1420085148073585/?comment_id=1443918365690263
Trần Sơn Hải[681428622055228]: https://fb.com/1415192401896193_1417569508325149/?comment_id=1422992574449509
Kiên Phạm[738109839709094]: https://fb.com/1415192401896193_1417569508325149/?comment_id=1429162863832480
Nguyễn Trung Hậu[295974600857266]: https://fb.com/1415192401896193_1417569508325149/?comment_id=1429254090490024
Thân Trọng Trí[964553370360850]: https://fb.com/1415192401896193_1422831344465632/?comment_id=1422865024462264
Đỗ Thành Đức[1854513474787545]: https://fb.com/1415192401896193_1432541930161240/?comment_id=1432548700160563
Thảo Nguyên[841835032640862]: https://fb.com/1415192401896193_1432541930161240/?comment_id=1432550503493716
Hải Minh Nguyễn[1477375445660473]: https://fb.com/1415192401896193_1432541930161240/?comment_id=1435495616532538
Cong Van[297634990676129]: https://fb.com/1415192401896193_1432541930161240/?comment_id=1442623792486387
Trần Thanh Tuấn[1077433135722844]: https://fb.com/1415192401896193_1432541930161240/?comment_id=1444113879004045
Trần Thanh Tuấn[1077433135722844]: https://fb.com/1415192401896193_1420075551407878/?comment_id=1444112889004144
Nguyễn Đức Quang[452753061732251]: https://fb.com/1415192401896193_1425712787510821/?comment_id=1425763477505752
Lê Minh Tài[1212169695547053]: https://fb.com/1415192401896193_1425712787510821/?comment_id=1425938397488260
Hoàng Quốc Cường[1389134794487142]: https://fb.com/1415192401896193_1425712787510821/?comment_id=1426238644124902
Tai Vu[2285371948353673]: https://fb.com/1415192401896193_1425712787510821/?comment_id=1427961860619247
Bắc Nguyễn[777247382431472]: https://fb.com/1415192401896193_1425712787510821/?comment_id=1435748846507215
Quân Bùi[1837968119860439]: https://fb.com/1415192401896193_1420260938056006/?comment_id=1425765824172184
Bảo Trung[296306307459176]: https://fb.com/1415192401896193_1420260938056006/?comment_id=1427128007369299
Phùng Ngọc Huyến[1874922176159091]: https://fb.com/1415192401896193_1440645219350911/?comment_id=1440648712683895
Thanh Lâm[1868147860112282]: https://fb.com/1415192401896193_1440645219350911/?comment_id=1441415305940569
Huỳnh Hữu Lý[1298145776942991]: https://fb.com/1415192401896193_1427093760706057/?comment_id=1429623980453035
Leo Tonny[1044692589001358]: https://fb.com/1415192401896193_1434078956674204/?comment_id=1434079163340850
Bùi Minh Phúc[1271739536266972]: https://fb.com/1415192401896193_1421731834575583/?comment_id=1421737931241640
Tuyên Trung[1288854417899946]: https://fb.com/1415192401896193_1421731834575583/?comment_id=1421765881238845
Thân Trọng Trí[964553370360850]: https://fb.com/1415192401896193_1421731834575583/?comment_id=1421827571232676
Bảo Trung[296306307459176]: https://fb.com/1415192401896193_1421731834575583/?comment_id=1427120494036717
Đinh Xuân Khánh[1064036403740319]: https://fb.com/1415192401896193_1417737338308366/?comment_id=1432169496865150
Bắc Nguyễn[777247382431472]: https://fb.com/1415192401896193_1420933774655389/?comment_id=1420954121320021
Khương Duy[1919204588308550]: https://fb.com/1415192401896193_1430577760357657/?comment_id=1431178676964232
Mss ER[332887443828204]: https://fb.com/1415192401896193_1430577760357657/?comment_id=1431238610291572
Nguyen Tran[2044722745751569]: https://fb.com/1415192401896193_1430349367047163/?comment_id=1430851466996953